# JRE version: OpenJDK Runtime Environment Temurin-17.0.17+10 (17.0.17+10) (build 17.0.17+10)
# Java VM: OpenJDK 64-Bit Server VM Temurin-17.0.17+10 (17.0.17+10, mixed mode, sharing, tiered, compressed oops, compressed class ptrs, g1 gc, windows-amd64)
GC Precious Log:
 CPUs: 16 total, 16 available
 Memory: 16024M
 Large Page Support: Disabled
 NUMA Support: Disabled
 Compressed Oops: Enabled (Zero based)
 Heap Region Size: 2M
 Heap Min Capacity: 8M
 Heap Initial Capacity: 252M
 Heap Max Capacity: 4008M
 Pre-touch: Disabled
 Parallel Workers: 13
 Concurrent Workers: 3
 Concurrent Refinement Workers: 13
 Periodic GC: Disabled
Heap:
 garbage-first heap   total 75776K, used 48675K [0x0000000705800000, 0x0000000800000000)
  region size 2048K, 19 young (38912K), 3 survivors (6144K)
 Metaspace       used 41161K, committed 41728K, reserved 1114112K
  class space    used 5430K, committed 5696K, reserved 1048576K
GC Heap History (14 events):
Event: 0.332 GC heap before
{Heap before GC invocations=0 (full 0):
 garbage-first heap   total 258048K, used 22528K [0x0000000705800000, 0x0000000800000000)
  region size 2048K, 11 young (22528K), 0 survivors (0K)
 Metaspace       used 6120K, committed 6272K, reserved 1114112K
  class space    used 731K, committed 768K, reserved 1048576K
}
Event: 0.334 GC heap after
{Heap after GC invocations=1 (full 0):
 garbage-first heap   total 258048K, used 5057K [0x0000000705800000, 0x0000000800000000)
  region size 2048K, 2 young (4096K), 2 survivors (4096K)
 Metaspace       used 6120K, committed 6272K, reserved 1114112K
  class space    used 731K, committed 768K, reserved 1048576K
}
Event: 0.556 GC heap before
{Heap before GC invocations=1 (full 0):
 garbage-first heap   total 258048K, used 29633K [0x0000000705800000, 0x0000000800000000)
  region size 2048K, 15 young (30720K), 2 survivors (4096K)
 Metaspace       used 12526K, committed 12736K, reserved 1114112K
  class space    used 1512K, committed 1600K, reserved 1048576K
}
Event: 0.559 GC heap after
{Heap after GC invocations=2 (full 0):
 garbage-first heap   total 258048K, used 7240K [0x0000000705800000, 0x0000000800000000)
  region size 2048K, 2 young (4096K), 2 survivors (4096K)
 Metaspace       used 12526K, committed 12736K, reserved 1114112K
  class space    used 1512K, committed 1600K, reserved 1048576K
}
Event: 1.251 GC heap before
{Heap before GC invocations=2 (full 0):
 garbage-first heap   total 258048K, used 60488K [0x0000000705800000, 0x0000000800000000)
  region size 2048K, 30 young (61440K), 2 survivors (4096K)
 Metaspace       used 21233K, committed 21504K, reserved 1114112K
  class space    used 2634K, committed 2752K, reserved 1048576K
}
Event: 1.255 GC heap after
{Heap after GC invocations=3 (full 0):
 garbage-first heap   total 258048K, used 11585K [0x0000000705800000, 0x0000000800000000)
  region size 2048K, 4 young (8192K), 4 survivors (8192K)
 Metaspace       used 21233K, committed 21504K, reserved 1114112K
  class space    used 2634K, committed 2752K, reserved 1048576K
}
Event: 1.560 GC heap before
{Heap before GC invocations=4 (full 0):
 garbage-first heap   total 55296K, used 36161K [0x0000000705800000, 0x0000000800000000)
  region size 2048K, 16 young (32768K), 4 survivors (8192K)
 Metaspace       used 26429K, committed 26816K, reserved 1114112K
  class space    used 3321K, committed 3520K, reserved 1048576K
}
Event: 1.564 GC heap after
{Heap after GC invocations=5 (full 0):
 garbage-first heap   total 55296K, used 13988K [0x0000000705800000, 0x0000000800000000)
  region size 2048K, 2 young (4096K), 2 survivors (4096K)
 Metaspace       used 26429K, committed 26816K, reserved 1114112K
  class space    used 3321K, committed 3520K, reserved 1048576K
}
Event: 1.599 GC heap before
{Heap before GC invocations=5 (full 0):
 garbage-first heap   total 55296K, used 16036K [0x0000000705800000, 0x0000000800000000)
  region size 2048K, 3 young (6144K), 2 survivors (4096K)
 Metaspace       used 26773K, committed 27200K, reserved 1114112K
  class space    used 3373K, committed 3584K, reserved 1048576K
}
Event: 1.602 GC heap after
{Heap after GC invocations=6 (full 0):
 garbage-first heap   total 55296K, used 14102K [0x0000000705800000, 0x0000000800000000)
  region size 2048K, 1 young (2048K), 1 survivors (2048K)
 Metaspace       used 26773K, committed 27200K, reserved 1114112K
  class space    used 3373K, committed 3584K, reserved 1048576K
}
Event: 1.980 GC heap before
{Heap before GC invocations=6 (full 0):
 garbage-first heap   total 55296K, used 34582K [0x0000000705800000, 0x0000000800000000)
  region size 2048K, 12 young (24576K), 1 survivors (2048K)
 Metaspace       used 31738K, committed 32128K, reserved 1114112K
  class space    used 4126K, committed 4288K, reserved 1048576K
}
Event: 1.983 GC heap after
{Heap after GC invocations=7 (full 0):
 garbage-first heap   total 157696K, used 15753K [0x0000000705800000, 0x0000000800000000)
  region size 2048K, 2 young (4096K), 2 survivors (4096K)
 Metaspace       used 31738K, committed 32128K, reserved 1114112K
  class space    used 4126K, committed 4288K, reserved 1048576K
}
Event: 2.654 GC heap before
{Heap before GC invocations=7 (full 0):
 garbage-first heap   total 157696K, used 48521K [0x0000000705800000, 0x0000000800000000)
  region size 2048K, 19 young (38912K), 2 survivors (4096K)
 Metaspace       used 35508K, committed 35968K, reserved 1114112K
  class space    used 4686K, committed 4928K, reserved 1048576K
}
Event: 2.658 GC heap after
{Heap after GC invocations=8 (full 0):
 garbage-first heap   total 157696K, used 17955K [0x0000000705800000, 0x0000000800000000)
  region size 2048K, 3 young (6144K), 3 survivors (6144K)
 Metaspace       used 35508K, committed 35968K, reserved 1114112K
  class space    used 4686K, committed 4928K, reserved 1048576K
}

